# JRE version: Java(TM) SE Runtime Environment (23.0.1+11) (build 23.0.1+11-39)
# Java VM: Java HotSpot(TM) 64-Bit Server VM (23.0.1+11-39, mixed mode, sharing, tiered, compressed oops, compressed class ptrs, g1 gc, windows-amd64)
GC Precious Log:
 CardTable entry size: 512
 Card Set container configuration: InlinePtr #cards 5 size 8 Array Of Cards #cards 10 size 36 Howl #buckets 4 coarsen threshold 1843 Howl Bitmap #cards 512 size 80 coarsen threshold 460 Card regions per heap region 1 cards per card region 2048
 CPUs: 8 total, 8 available
 Memory: 4007M
 Large Page Support: Disabled
 NUMA Support: Disabled
 Compressed Oops: Enabled (32-bit)
 Heap Region Size: 1M
 Heap Min Capacity: 8M
 Heap Initial Capacity: 64M
 Heap Max Capacity: 2G
 Pre-touch: Disabled
 Parallel Workers: 8
 Concurrent Workers: 2
 Concurrent Refinement Workers: 8
 Periodic GC: Disabled
Heap:
 garbage-first heap   total reserved 2097152K, committed 353280K, used 214415K [0x0000000080000000, 0x0000000100000000)
  region size 1024K, 2 young (2048K), 2 survivors (2048K)
 Metaspace       used 118178K, committed 120896K, reserved 557056K
  class space    used 17020K, committed 18304K, reserved 425984K
GC Heap History (20 events):
Event: 406.959 GC heap after
{Heap after GC invocations=64 (full 0):
 garbage-first heap   total reserved 2097152K, committed 296960K, used 189404K [0x0000000080000000, 0x0000000100000000)
  region size 1024K, 9 young (9216K), 9 survivors (9216K)
 Metaspace       used 117655K, committed 120448K, reserved 557056K
  class space    used 16980K, committed 18304K, reserved 425984K
}
Event: 409.707 GC heap before
{Heap before GC invocations=64 (full 0):
 garbage-first heap   total reserved 2097152K, committed 296960K, used 199644K [0x0000000080000000, 0x0000000100000000)
  region size 1024K, 19 young (19456K), 9 survivors (9216K)
 Metaspace       used 117668K, committed 120448K, reserved 557056K
  class space    used 16983K, committed 18304K, reserved 425984K
}
Event: 409.868 GC heap after
{Heap after GC invocations=65 (full 0):
 garbage-first heap   total reserved 2097152K, committed 296960K, used 192558K [0x0000000080000000, 0x0000000100000000)
  region size 1024K, 3 young (3072K), 3 survivors (3072K)
 Metaspace       used 117668K, committed 120448K, reserved 557056K
  class space    used 16983K, committed 18304K, reserved 425984K
}
Event: 422.306 GC heap before
{Heap before GC invocations=65 (full 0):
 garbage-first heap   total reserved 2097152K, committed 296960K, used 243758K [0x0000000080000000, 0x0000000100000000)
  region size 1024K, 54 young (55296K), 3 survivors (3072K)
 Metaspace       used 117830K, committed 120640K, reserved 557056K
  class space    used 16996K, committed 18304K, reserved 425984K
}
Event: 422.479 GC heap after
{Heap after GC invocations=66 (full 0):
 garbage-first heap   total reserved 2097152K, committed 296960K, used 201903K [0x0000000080000000, 0x0000000100000000)
  region size 1024K, 7 young (7168K), 7 survivors (7168K)
 Metaspace       used 117830K, committed 120640K, reserved 557056K
  class space    used 16996K, committed 18304K, reserved 425984K
}
Event: 425.656 GC heap before
{Heap before GC invocations=66 (full 0):
 garbage-first heap   total reserved 2097152K, committed 296960K, used 217263K [0x0000000080000000, 0x0000000100000000)
  region size 1024K, 23 young (23552K), 7 survivors (7168K)
 Metaspace       used 117875K, committed 120640K, reserved 557056K
  class space    used 16996K, committed 18304K, reserved 425984K
}
Event: 425.703 GC heap after
{Heap after GC invocations=67 (full 0):
 garbage-first heap   total reserved 2097152K, committed 296960K, used 205287K [0x0000000080000000, 0x0000000100000000)
  region size 1024K, 3 young (3072K), 3 survivors (3072K)
 Metaspace       used 117875K, committed 120640K, reserved 557056K
  class space    used 16996K, committed 18304K, reserved 425984K
}
Event: 428.417 GC heap before
{Heap before GC invocations=67 (full 0):
 garbage-first heap   total reserved 2097152K, committed 296960K, used 269799K [0x0000000080000000, 0x0000000100000000)
  region size 1024K, 67 young (68608K), 3 survivors (3072K)
 Metaspace       used 117878K, committed 120640K, reserved 557056K
  class space    used 16996K, committed 18304K, reserved 425984K
}
Event: 428.432 GC heap after
{Heap after GC invocations=68 (full 0):
 garbage-first heap   total reserved 2097152K, committed 296960K, used 207825K [0x0000000080000000, 0x0000000100000000)
  region size 1024K, 6 young (6144K), 6 survivors (6144K)
 Metaspace       used 117878K, committed 120640K, reserved 557056K
  class space    used 16996K, committed 18304K, reserved 425984K
}
Event: 432.216 GC heap before
{Heap before GC invocations=68 (full 0):
 garbage-first heap   total reserved 2097152K, committed 296960K, used 233425K [0x0000000080000000, 0x0000000100000000)
  region size 1024K, 32 young (32768K), 6 survivors (6144K)
 Metaspace       used 117955K, committed 120704K, reserved 557056K
  class space    used 17004K, committed 18304K, reserved 425984K
}
Event: 432.334 GC heap after
{Heap after GC invocations=69 (full 0):
 garbage-first heap   total reserved 2097152K, committed 296960K, used 210525K [0x0000000080000000, 0x0000000100000000)
  region size 1024K, 7 young (7168K), 7 survivors (7168K)
 Metaspace       used 117955K, committed 120704K, reserved 557056K
  class space    used 17004K, committed 18304K, reserved 425984K
}
Event: 451.119 GC heap before
{Heap before GC invocations=70 (full 0):
 garbage-first heap   total reserved 2097152K, committed 353280K, used 222813K [0x0000000080000000, 0x0000000100000000)
  region size 1024K, 18 young (18432K), 7 survivors (7168K)
 Metaspace       used 118058K, committed 120832K, reserved 557056K
  class space    used 17014K, committed 18304K, reserved 425984K
}
Event: 451.352 GC heap after
{Heap after GC invocations=71 (full 0):
 garbage-first heap   total reserved 2097152K, committed 353280K, used 213387K [0x0000000080000000, 0x0000000100000000)
  region size 1024K, 3 young (3072K), 3 survivors (3072K)
 Metaspace       used 118058K, committed 120832K, reserved 557056K
  class space    used 17014K, committed 18304K, reserved 425984K
}
Event: 466.070 GC heap before
{Heap before GC invocations=71 (full 0):
 garbage-first heap   total reserved 2097152K, committed 353280K, used 227723K [0x0000000080000000, 0x0000000100000000)
  region size 1024K, 17 young (17408K), 3 survivors (3072K)
 Metaspace       used 118150K, committed 120896K, reserved 557056K
  class space    used 17020K, committed 18304K, reserved 425984K
}
Event: 466.141 GC heap after
{Heap after GC invocations=72 (full 0):
 garbage-first heap   total reserved 2097152K, committed 353280K, used 213914K [0x0000000080000000, 0x0000000100000000)
  region size 1024K, 3 young (3072K), 3 survivors (3072K)
 Metaspace       used 118150K, committed 120896K, reserved 557056K
  class space    used 17020K, committed 18304K, reserved 425984K
}
Event: 469.150 GC heap before
{Heap before GC invocations=72 (full 0):
 garbage-first heap   total reserved 2097152K, committed 353280K, used 227226K [0x0000000080000000, 0x0000000100000000)
  region size 1024K, 17 young (17408K), 3 survivors (3072K)
 Metaspace       used 118174K, committed 120896K, reserved 557056K
  class space    used 17020K, committed 18304K, reserved 425984K
}
Event: 469.214 GC heap after
{Heap after GC invocations=73 (full 0):
 garbage-first heap   total reserved 2097152K, committed 353280K, used 214903K [0x0000000080000000, 0x0000000100000000)
  region size 1024K, 3 young (3072K), 3 survivors (3072K)
 Metaspace       used 118174K, committed 120896K, reserved 557056K
  class space    used 17020K, committed 18304K, reserved 425984K
}
Event: 470.793 GC heap before
{Heap before GC invocations=73 (full 0):
 garbage-first heap   total reserved 2097152K, committed 353280K, used 228215K [0x0000000080000000, 0x0000000100000000)
  region size 1024K, 17 young (17408K), 3 survivors (3072K)
 Metaspace       used 118178K, committed 120896K, reserved 557056K
  class space    used 17020K, committed 18304K, reserved 425984K
}
Event: 470.855 GC heap after
{Heap after GC invocations=74 (full 0):
 garbage-first heap   total reserved 2097152K, committed 353280K, used 214876K [0x0000000080000000, 0x0000000100000000)
  region size 1024K, 2 young (2048K), 2 survivors (2048K)
 Metaspace       used 118178K, committed 120896K, reserved 557056K
  class space    used 17020K, committed 18304K, reserved 425984K
}
Event: 472.488 GC heap before
{Heap before GC invocations=74 (full 0):
 garbage-first heap   total reserved 2097152K, committed 353280K, used 229212K [0x0000000080000000, 0x0000000100000000)
  region size 1024K, 17 young (17408K), 2 survivors (2048K)
 Metaspace       used 118178K, committed 120896K, reserved 557056K
  class space    used 17020K, committed 18304K, reserved 425984K
}

